{"C:\\Learning-projects\\test\\a.js":{"path":"C:\\Learning-projects\\test\\a.js","s":{"1":1,"2":2,"3":2,"4":1,"5":2,"6":3,"7":1,"8":2,"9":1,"10":1,"11":1,"12":1,"13":1,"14":1,"15":1},"b":{"1":[1,2],"2":[1,1]},"f":{"1":1},"fnMap":{"1":{"name":"min","line":19,"loc":{"start":{"line":19,"column":0},"end":{"line":19,"column":18}}}},"statementMap":{"1":{"start":{"line":1,"column":0},"end":{"line":17,"column":1}},"2":{"start":{"line":3,"column":2},"end":{"line":3,"column":33}},"3":{"start":{"line":3,"column":29},"end":{"line":3,"column":32}},"4":{"start":{"line":6,"column":2},"end":{"line":6,"column":34}},"5":{"start":{"line":6,"column":30},"end":{"line":6,"column":33}},"6":{"start":{"line":9,"column":2},"end":{"line":15,"column":3}},"7":{"start":{"line":10,"column":3},"end":{"line":10,"column":13}},"8":{"start":{"line":11,"column":9},"end":{"line":15,"column":3}},"9":{"start":{"line":12,"column":3},"end":{"line":12,"column":13}},"10":{"start":{"line":14,"column":3},"end":{"line":14,"column":18}},"11":{"start":{"line":19,"column":0},"end":{"line":24,"column":1}},"12":{"start":{"line":20,"column":1},"end":{"line":20,"column":17}},"13":{"start":{"line":21,"column":1},"end":{"line":21,"column":12}},"14":{"start":{"line":22,"column":1},"end":{"line":22,"column":17}},"15":{"start":{"line":23,"column":1},"end":{"line":23,"column":17}}},"branchMap":{"1":{"line":9,"type":"if","locations":[{"start":{"line":9,"column":2},"end":{"line":9,"column":2}},{"start":{"line":9,"column":2},"end":{"line":9,"column":2}}]},"2":{"line":11,"type":"if","locations":[{"start":{"line":11,"column":9},"end":{"line":11,"column":9}},{"start":{"line":11,"column":9},"end":{"line":11,"column":9}}]}}}}